<?xml version="1.0" encoding="UTF-8"?>
<!-- Generated by org.testng.reporters.JUnitXMLReporter -->
<testsuite ignored="0" hostname="DESKTOP-7LPPN7H" failures="0" tests="29" name="Rest-Assured API testing" time="13.607" errors="0" timestamp="27 Jul 2021 14:56:26 GMT">
  <testcase classname="org.example.api.testCases.TC_001_GET_List_Of_All_Video_Games" name="validateContentType" time="0.006"/>
  <testcase classname="org.example.api.testCases.TC_001_GET_List_Of_All_Video_Games" name="validateResponseBody" time="0.043"/>
  <testcase classname="org.example.api.testCases.TC_001_GET_List_Of_All_Video_Games" name="validateResponseLength" time="0.004"/>
  <testcase classname="org.example.api.testCases.TC_001_GET_List_Of_All_Video_Games" name="validateResponseStatus" time="0.003"/>
  <testcase classname="org.example.api.testCases.TC_002_Add_a_New_Video_Game" name="validateContentType" time="0.007"/>
  <testcase classname="org.example.api.testCases.TC_002_Add_a_New_Video_Game" name="validateResponseBody" time="0.003"/>
  <testcase classname="org.example.api.testCases.TC_002_Add_a_New_Video_Game" name="validateResponseLength" time="0.005"/>
  <testcase classname="org.example.api.testCases.TC_002_Add_a_New_Video_Game" name="validateResponseStatus" time="0.003"/>
  <testcase classname="org.example.api.testCases.TC_003_DDT" name="validateDataDrivenTest" time="0.088"/>
  <testcase classname="org.example.api.testCases.TC_003_DDT" name="validateDataDrivenTest" time="0.073"/>
  <testcase classname="org.example.api.testCases.TC_003_DDT" name="validateDataDrivenTest" time="0.059"/>
  <testcase classname="org.example.api.testCases.TC_003_DDT" name="validateDataDrivenTest" time="0.056"/>
  <testcase classname="org.example.api.testCases.TC_003_DDT" name="validateDataDrivenTest" time="0.069"/>
  <testcase classname="org.example.api.testCases.TC_003_DDT" name="validateResponseBody" time="0.002"/>
  <testcase classname="org.example.api.testCases.TC_003_DDT" name="validateResponseContentHeader" time="0.003"/>
  <testcase classname="org.example.api.testCases.TC_003_DDT" name="validateResponseLength" time="0.003"/>
  <testcase classname="org.example.api.testCases.TC_003_DDT" name="validateResponseStatus" time="0.003"/>
  <testcase classname="org.example.api.testCases.TC_005_GET_Single_Video_Game" name="validateContentType" time="0.002"/>
  <testcase classname="org.example.api.testCases.TC_005_GET_Single_Video_Game" name="validateResponseBody" time="0.002"/>
  <testcase classname="org.example.api.testCases.TC_005_GET_Single_Video_Game" name="validateResponseLength" time="0.001"/>
  <testcase classname="org.example.api.testCases.TC_005_GET_Single_Video_Game" name="validateResponseStatus" time="0.002"/>
  <testcase classname="org.example.api.testCases.TC_006_Update_a_Video_Game" name="validateContentType" time="0.001"/>
  <testcase classname="org.example.api.testCases.TC_006_Update_a_Video_Game" name="validateResponseBody" time="0.002"/>
  <testcase classname="org.example.api.testCases.TC_006_Update_a_Video_Game" name="validateResponseLength" time="0.002"/>
  <testcase classname="org.example.api.testCases.TC_006_Update_a_Video_Game" name="validateResponseStatus" time="0.003"/>
  <testcase classname="org.example.api.testCases.TC_004_Delete_a_Video_Game" name="validateResponseBody" time="0.003"/>
  <testcase classname="org.example.api.testCases.TC_004_Delete_a_Video_Game" name="validateResponseContentHeader" time="0.002"/>
  <testcase classname="org.example.api.testCases.TC_004_Delete_a_Video_Game" name="validateResponseLength" time="0.002"/>
  <testcase classname="org.example.api.testCases.TC_004_Delete_a_Video_Game" name="validateResponseStatus" time="0.003"/>
</testsuite> <!-- Rest-Assured API testing -->
