<?xml version="1.0" encoding="UTF-8"?>
<testng-results ignored="0" total="29" passed="29" failed="0" skipped="0">
  <reporter-output>
  </reporter-output>
  <suite started-at="2021-07-27T14:56:12Z" name="Video Games API" finished-at="2021-07-27T14:56:26Z" duration-ms="13607">
    <groups>
    </groups>
    <test started-at="2021-07-27T14:56:12Z" name="Rest-Assured API testing" finished-at="2021-07-27T14:56:26Z" duration-ms="13607">
      <class name="org.example.api.testCases.TC_006_Update_a_Video_Game">
        <test-method is-config="true" signature="setup()[pri:0, instance:org.example.api.testCases.TC_006_Update_a_Video_Game@27fe3806]" started-at="2021-07-27T14:56:26Z" name="setup" finished-at="2021-07-27T14:56:26Z" duration-ms="7" status="PASS">
          <reporter-output>
          </reporter-output>
        </test-method> <!-- setup -->
        <test-method is-config="true" signature="updateVideo()[pri:0, instance:org.example.api.testCases.TC_006_Update_a_Video_Game@27fe3806]" started-at="2021-07-27T14:56:26Z" name="updateVideo" finished-at="2021-07-27T14:56:26Z" duration-ms="64" status="PASS">
          <reporter-output>
          </reporter-output>
        </test-method> <!-- updateVideo -->
        <test-method signature="validateContentType()[pri:0, instance:org.example.api.testCases.TC_006_Update_a_Video_Game@27fe3806]" started-at="2021-07-27T14:56:26Z" name="validateContentType" finished-at="2021-07-27T14:56:26Z" duration-ms="1" status="PASS">
          <reporter-output>
          </reporter-output>
        </test-method> <!-- validateContentType -->
        <test-method signature="validateResponseBody()[pri:0, instance:org.example.api.testCases.TC_006_Update_a_Video_Game@27fe3806]" started-at="2021-07-27T14:56:26Z" name="validateResponseBody" finished-at="2021-07-27T14:56:26Z" duration-ms="2" status="PASS">
          <reporter-output>
          </reporter-output>
        </test-method> <!-- validateResponseBody -->
        <test-method signature="validateResponseLength()[pri:0, instance:org.example.api.testCases.TC_006_Update_a_Video_Game@27fe3806]" started-at="2021-07-27T14:56:26Z" name="validateResponseLength" finished-at="2021-07-27T14:56:26Z" duration-ms="2" status="PASS">
          <reporter-output>
          </reporter-output>
        </test-method> <!-- validateResponseLength -->
        <test-method signature="validateResponseStatus()[pri:0, instance:org.example.api.testCases.TC_006_Update_a_Video_Game@27fe3806]" started-at="2021-07-27T14:56:26Z" name="validateResponseStatus" finished-at="2021-07-27T14:56:26Z" duration-ms="3" status="PASS">
          <reporter-output>
          </reporter-output>
        </test-method> <!-- validateResponseStatus -->
        <test-method is-config="true" signature="tearDown()[pri:0, instance:org.example.api.testCases.TC_006_Update_a_Video_Game@27fe3806]" started-at="2021-07-27T14:56:26Z" name="tearDown" finished-at="2021-07-27T14:56:26Z" duration-ms="1" status="PASS">
          <reporter-output>
          </reporter-output>
        </test-method> <!-- tearDown -->
      </class> <!-- org.example.api.testCases.TC_006_Update_a_Video_Game -->
      <class name="org.example.api.testCases.TC_003_DDT">
        <test-method is-config="true" signature="setup()[pri:0, instance:org.example.api.testCases.TC_003_DDT@17baae6e]" started-at="2021-07-27T14:56:20Z" name="setup" finished-at="2021-07-27T14:56:20Z" duration-ms="3" status="PASS">
          <reporter-output>
          </reporter-output>
        </test-method> <!-- setup -->
        <test-method signature="validateDataDrivenTest(java.lang.String, java.lang.String, java.lang.String, java.lang.String, java.lang.String, java.lang.String)[pri:0, instance:org.example.api.testCases.TC_003_DDT@17baae6e]" started-at="2021-07-27T14:56:25Z" name="validateDataDrivenTest" data-provider="dataProvider" finished-at="2021-07-27T14:56:25Z" duration-ms="88" status="PASS">
          <params>
            <param index="0">
              <value>
                <![CDATA[11]]>
              </value>
            </param>
            <param index="1">
              <value>
                <![CDATA[fifa 21]]>
              </value>
            </param>
            <param index="2">
              <value>
                <![CDATA[2021-07-26T03:03:08.748Z]]>
              </value>
            </param>
            <param index="3">
              <value>
                <![CDATA[5]]>
              </value>
            </param>
            <param index="4">
              <value>
                <![CDATA[Sport]]>
              </value>
            </param>
            <param index="5">
              <value>
                <![CDATA[universal]]>
              </value>
            </param>
          </params>
          <reporter-output>
          </reporter-output>
        </test-method> <!-- validateDataDrivenTest -->
        <test-method signature="validateDataDrivenTest(java.lang.String, java.lang.String, java.lang.String, java.lang.String, java.lang.String, java.lang.String)[pri:0, instance:org.example.api.testCases.TC_003_DDT@17baae6e]" started-at="2021-07-27T14:56:25Z" name="validateDataDrivenTest" data-provider="dataProvider" finished-at="2021-07-27T14:56:25Z" duration-ms="73" status="PASS">
          <params>
            <param index="0">
              <value>
                <![CDATA[12]]>
              </value>
            </param>
            <param index="1">
              <value>
                <![CDATA[pubg]]>
              </value>
            </param>
            <param index="2">
              <value>
                <![CDATA[2021-07-26T03:03:08.749Z]]>
              </value>
            </param>
            <param index="3">
              <value>
                <![CDATA[7.5]]>
              </value>
            </param>
            <param index="4">
              <value>
                <![CDATA[shooter]]>
              </value>
            </param>
            <param index="5">
              <value>
                <![CDATA[mature]]>
              </value>
            </param>
          </params>
          <reporter-output>
          </reporter-output>
        </test-method> <!-- validateDataDrivenTest -->
        <test-method signature="validateDataDrivenTest(java.lang.String, java.lang.String, java.lang.String, java.lang.String, java.lang.String, java.lang.String)[pri:0, instance:org.example.api.testCases.TC_003_DDT@17baae6e]" started-at="2021-07-27T14:56:25Z" name="validateDataDrivenTest" data-provider="dataProvider" finished-at="2021-07-27T14:56:26Z" duration-ms="59" status="PASS">
          <params>
            <param index="0">
              <value>
                <![CDATA[13]]>
              </value>
            </param>
            <param index="1">
              <value>
                <![CDATA[fortnite]]>
              </value>
            </param>
            <param index="2">
              <value>
                <![CDATA[2021-07-26T03:03:08.750Z]]>
              </value>
            </param>
            <param index="3">
              <value>
                <![CDATA[2.5]]>
              </value>
            </param>
            <param index="4">
              <value>
                <![CDATA[shooter]]>
              </value>
            </param>
            <param index="5">
              <value>
                <![CDATA[mature]]>
              </value>
            </param>
          </params>
          <reporter-output>
          </reporter-output>
        </test-method> <!-- validateDataDrivenTest -->
        <test-method signature="validateDataDrivenTest(java.lang.String, java.lang.String, java.lang.String, java.lang.String, java.lang.String, java.lang.String)[pri:0, instance:org.example.api.testCases.TC_003_DDT@17baae6e]" started-at="2021-07-27T14:56:26Z" name="validateDataDrivenTest" data-provider="dataProvider" finished-at="2021-07-27T14:56:26Z" duration-ms="56" status="PASS">
          <params>
            <param index="0">
              <value>
                <![CDATA[14]]>
              </value>
            </param>
            <param index="1">
              <value>
                <![CDATA[cod]]>
              </value>
            </param>
            <param index="2">
              <value>
                <![CDATA[2021-07-26T03:03:08.751Z]]>
              </value>
            </param>
            <param index="3">
              <value>
                <![CDATA[9]]>
              </value>
            </param>
            <param index="4">
              <value>
                <![CDATA[shooter]]>
              </value>
            </param>
            <param index="5">
              <value>
                <![CDATA[mature]]>
              </value>
            </param>
          </params>
          <reporter-output>
          </reporter-output>
        </test-method> <!-- validateDataDrivenTest -->
        <test-method signature="validateDataDrivenTest(java.lang.String, java.lang.String, java.lang.String, java.lang.String, java.lang.String, java.lang.String)[pri:0, instance:org.example.api.testCases.TC_003_DDT@17baae6e]" started-at="2021-07-27T14:56:26Z" name="validateDataDrivenTest" data-provider="dataProvider" finished-at="2021-07-27T14:56:26Z" duration-ms="69" status="PASS">
          <params>
            <param index="0">
              <value>
                <![CDATA[15]]>
              </value>
            </param>
            <param index="1">
              <value>
                <![CDATA[pes]]>
              </value>
            </param>
            <param index="2">
              <value>
                <![CDATA[2021-07-26T03:03:08.752Z]]>
              </value>
            </param>
            <param index="3">
              <value>
                <![CDATA[8]]>
              </value>
            </param>
            <param index="4">
              <value>
                <![CDATA[Sport]]>
              </value>
            </param>
            <param index="5">
              <value>
                <![CDATA[universal]]>
              </value>
            </param>
          </params>
          <reporter-output>
          </reporter-output>
        </test-method> <!-- validateDataDrivenTest -->
        <test-method signature="validateResponseBody()[pri:0, instance:org.example.api.testCases.TC_003_DDT@17baae6e]" started-at="2021-07-27T14:56:26Z" name="validateResponseBody" finished-at="2021-07-27T14:56:26Z" depends-on-methods="org.example.api.testCases.TC_003_DDT.validateDataDrivenTest" duration-ms="2" status="PASS">
          <reporter-output>
          </reporter-output>
        </test-method> <!-- validateResponseBody -->
        <test-method signature="validateResponseContentHeader()[pri:0, instance:org.example.api.testCases.TC_003_DDT@17baae6e]" started-at="2021-07-27T14:56:26Z" name="validateResponseContentHeader" finished-at="2021-07-27T14:56:26Z" depends-on-methods="org.example.api.testCases.TC_003_DDT.validateDataDrivenTest" duration-ms="3" status="PASS">
          <reporter-output>
          </reporter-output>
        </test-method> <!-- validateResponseContentHeader -->
        <test-method signature="validateResponseLength()[pri:0, instance:org.example.api.testCases.TC_003_DDT@17baae6e]" started-at="2021-07-27T14:56:26Z" name="validateResponseLength" finished-at="2021-07-27T14:56:26Z" depends-on-methods="org.example.api.testCases.TC_003_DDT.validateDataDrivenTest" duration-ms="3" status="PASS">
          <reporter-output>
          </reporter-output>
        </test-method> <!-- validateResponseLength -->
        <test-method signature="validateResponseStatus()[pri:0, instance:org.example.api.testCases.TC_003_DDT@17baae6e]" started-at="2021-07-27T14:56:26Z" name="validateResponseStatus" finished-at="2021-07-27T14:56:26Z" depends-on-methods="org.example.api.testCases.TC_003_DDT.validateDataDrivenTest" duration-ms="3" status="PASS">
          <reporter-output>
          </reporter-output>
        </test-method> <!-- validateResponseStatus -->
        <test-method is-config="true" signature="tearDown()[pri:0, instance:org.example.api.testCases.TC_003_DDT@17baae6e]" started-at="2021-07-27T14:56:26Z" name="tearDown" finished-at="2021-07-27T14:56:26Z" duration-ms="1" status="PASS">
          <reporter-output>
          </reporter-output>
        </test-method> <!-- tearDown -->
      </class> <!-- org.example.api.testCases.TC_003_DDT -->
      <class name="org.example.api.testCases.TC_005_GET_Single_Video_Game">
        <test-method is-config="true" signature="setup()[pri:0, instance:org.example.api.testCases.TC_005_GET_Single_Video_Game@69379752]" started-at="2021-07-27T14:56:26Z" name="setup" finished-at="2021-07-27T14:56:26Z" duration-ms="8" status="PASS">
          <reporter-output>
          </reporter-output>
        </test-method> <!-- setup -->
        <test-method is-config="true" signature="getSingleGame()[pri:0, instance:org.example.api.testCases.TC_005_GET_Single_Video_Game@69379752]" started-at="2021-07-27T14:56:26Z" name="getSingleGame" finished-at="2021-07-27T14:56:26Z" duration-ms="49" status="PASS">
          <reporter-output>
          </reporter-output>
        </test-method> <!-- getSingleGame -->
        <test-method signature="validateContentType()[pri:0, instance:org.example.api.testCases.TC_005_GET_Single_Video_Game@69379752]" started-at="2021-07-27T14:56:26Z" name="validateContentType" finished-at="2021-07-27T14:56:26Z" duration-ms="2" status="PASS">
          <reporter-output>
          </reporter-output>
        </test-method> <!-- validateContentType -->
        <test-method signature="validateResponseBody()[pri:0, instance:org.example.api.testCases.TC_005_GET_Single_Video_Game@69379752]" started-at="2021-07-27T14:56:26Z" name="validateResponseBody" finished-at="2021-07-27T14:56:26Z" duration-ms="2" status="PASS">
          <reporter-output>
          </reporter-output>
        </test-method> <!-- validateResponseBody -->
        <test-method signature="validateResponseLength()[pri:0, instance:org.example.api.testCases.TC_005_GET_Single_Video_Game@69379752]" started-at="2021-07-27T14:56:26Z" name="validateResponseLength" finished-at="2021-07-27T14:56:26Z" duration-ms="1" status="PASS">
          <reporter-output>
          </reporter-output>
        </test-method> <!-- validateResponseLength -->
        <test-method signature="validateResponseStatus()[pri:0, instance:org.example.api.testCases.TC_005_GET_Single_Video_Game@69379752]" started-at="2021-07-27T14:56:26Z" name="validateResponseStatus" finished-at="2021-07-27T14:56:26Z" duration-ms="2" status="PASS">
          <reporter-output>
          </reporter-output>
        </test-method> <!-- validateResponseStatus -->
        <test-method is-config="true" signature="tearDown()[pri:0, instance:org.example.api.testCases.TC_005_GET_Single_Video_Game@69379752]" started-at="2021-07-27T14:56:26Z" name="tearDown" finished-at="2021-07-27T14:56:26Z" duration-ms="1" status="PASS">
          <reporter-output>
          </reporter-output>
        </test-method> <!-- tearDown -->
      </class> <!-- org.example.api.testCases.TC_005_GET_Single_Video_Game -->
      <class name="org.example.api.testCases.TC_001_GET_List_Of_All_Video_Games">
        <test-method is-config="true" signature="setup()[pri:0, instance:org.example.api.testCases.TC_001_GET_List_Of_All_Video_Games@2698dc7]" started-at="2021-07-27T14:56:12Z" name="setup" finished-at="2021-07-27T14:56:13Z" duration-ms="396" status="PASS">
          <reporter-output>
          </reporter-output>
        </test-method> <!-- setup -->
        <test-method is-config="true" signature="getAllGames()[pri:0, instance:org.example.api.testCases.TC_001_GET_List_Of_All_Video_Games@2698dc7]" started-at="2021-07-27T14:56:13Z" name="getAllGames" finished-at="2021-07-27T14:56:19Z" duration-ms="6598" status="PASS">
          <reporter-output>
          </reporter-output>
        </test-method> <!-- getAllGames -->
        <test-method signature="validateContentType()[pri:0, instance:org.example.api.testCases.TC_001_GET_List_Of_All_Video_Games@2698dc7]" started-at="2021-07-27T14:56:19Z" name="validateContentType" finished-at="2021-07-27T14:56:19Z" duration-ms="6" status="PASS">
          <reporter-output>
          </reporter-output>
        </test-method> <!-- validateContentType -->
        <test-method signature="validateResponseBody()[pri:0, instance:org.example.api.testCases.TC_001_GET_List_Of_All_Video_Games@2698dc7]" started-at="2021-07-27T14:56:19Z" name="validateResponseBody" finished-at="2021-07-27T14:56:19Z" duration-ms="43" status="PASS">
          <reporter-output>
          </reporter-output>
        </test-method> <!-- validateResponseBody -->
        <test-method signature="validateResponseLength()[pri:0, instance:org.example.api.testCases.TC_001_GET_List_Of_All_Video_Games@2698dc7]" started-at="2021-07-27T14:56:19Z" name="validateResponseLength" finished-at="2021-07-27T14:56:19Z" duration-ms="4" status="PASS">
          <reporter-output>
          </reporter-output>
        </test-method> <!-- validateResponseLength -->
        <test-method signature="validateResponseStatus()[pri:0, instance:org.example.api.testCases.TC_001_GET_List_Of_All_Video_Games@2698dc7]" started-at="2021-07-27T14:56:19Z" name="validateResponseStatus" finished-at="2021-07-27T14:56:19Z" duration-ms="3" status="PASS">
          <reporter-output>
          </reporter-output>
        </test-method> <!-- validateResponseStatus -->
        <test-method is-config="true" signature="tearDown()[pri:0, instance:org.example.api.testCases.TC_001_GET_List_Of_All_Video_Games@2698dc7]" started-at="2021-07-27T14:56:19Z" name="tearDown" finished-at="2021-07-27T14:56:19Z" duration-ms="2" status="PASS">
          <reporter-output>
          </reporter-output>
        </test-method> <!-- tearDown -->
      </class> <!-- org.example.api.testCases.TC_001_GET_List_Of_All_Video_Games -->
      <class name="org.example.api.testCases.TC_004_Delete_a_Video_Game">
        <test-method is-config="true" signature="setup()[pri:0, instance:org.example.api.testCases.TC_004_Delete_a_Video_Game@5f71c76a]" started-at="2021-07-27T14:56:26Z" name="setup" finished-at="2021-07-27T14:56:26Z" duration-ms="4" status="PASS">
          <reporter-output>
          </reporter-output>
        </test-method> <!-- setup -->
        <test-method is-config="true" signature="deleteVideoGame()[pri:0, instance:org.example.api.testCases.TC_004_Delete_a_Video_Game@5f71c76a]" started-at="2021-07-27T14:56:26Z" name="deleteVideoGame" finished-at="2021-07-27T14:56:26Z" duration-ms="51" status="PASS">
          <reporter-output>
          </reporter-output>
        </test-method> <!-- deleteVideoGame -->
        <test-method signature="validateResponseBody()[pri:0, instance:org.example.api.testCases.TC_004_Delete_a_Video_Game@5f71c76a]" started-at="2021-07-27T14:56:26Z" name="validateResponseBody" finished-at="2021-07-27T14:56:26Z" duration-ms="3" status="PASS">
          <reporter-output>
          </reporter-output>
        </test-method> <!-- validateResponseBody -->
        <test-method signature="validateResponseContentHeader()[pri:0, instance:org.example.api.testCases.TC_004_Delete_a_Video_Game@5f71c76a]" started-at="2021-07-27T14:56:26Z" name="validateResponseContentHeader" finished-at="2021-07-27T14:56:26Z" duration-ms="2" status="PASS">
          <reporter-output>
          </reporter-output>
        </test-method> <!-- validateResponseContentHeader -->
        <test-method signature="validateResponseLength()[pri:0, instance:org.example.api.testCases.TC_004_Delete_a_Video_Game@5f71c76a]" started-at="2021-07-27T14:56:26Z" name="validateResponseLength" finished-at="2021-07-27T14:56:26Z" duration-ms="2" status="PASS">
          <reporter-output>
          </reporter-output>
        </test-method> <!-- validateResponseLength -->
        <test-method signature="validateResponseStatus()[pri:0, instance:org.example.api.testCases.TC_004_Delete_a_Video_Game@5f71c76a]" started-at="2021-07-27T14:56:26Z" name="validateResponseStatus" finished-at="2021-07-27T14:56:26Z" duration-ms="3" status="PASS">
          <reporter-output>
          </reporter-output>
        </test-method> <!-- validateResponseStatus -->
        <test-method is-config="true" signature="tearDown()[pri:0, instance:org.example.api.testCases.TC_004_Delete_a_Video_Game@5f71c76a]" started-at="2021-07-27T14:56:26Z" name="tearDown" finished-at="2021-07-27T14:56:26Z" duration-ms="5" status="PASS">
          <reporter-output>
          </reporter-output>
        </test-method> <!-- tearDown -->
      </class> <!-- org.example.api.testCases.TC_004_Delete_a_Video_Game -->
      <class name="org.example.api.testCases.TC_002_Add_a_New_Video_Game">
        <test-method is-config="true" signature="setup()[pri:0, instance:org.example.api.testCases.TC_002_Add_a_New_Video_Game@43d7741f]" started-at="2021-07-27T14:56:19Z" name="setup" finished-at="2021-07-27T14:56:19Z" duration-ms="8" status="PASS">
          <reporter-output>
          </reporter-output>
        </test-method> <!-- setup -->
        <test-method is-config="true" signature="addNewGame()[pri:0, instance:org.example.api.testCases.TC_002_Add_a_New_Video_Game@43d7741f]" started-at="2021-07-27T14:56:19Z" name="addNewGame" finished-at="2021-07-27T14:56:20Z" duration-ms="510" status="PASS">
          <reporter-output>
          </reporter-output>
        </test-method> <!-- addNewGame -->
        <test-method signature="validateContentType()[pri:0, instance:org.example.api.testCases.TC_002_Add_a_New_Video_Game@43d7741f]" started-at="2021-07-27T14:56:20Z" name="validateContentType" finished-at="2021-07-27T14:56:20Z" duration-ms="7" status="PASS">
          <reporter-output>
          </reporter-output>
        </test-method> <!-- validateContentType -->
        <test-method signature="validateResponseBody()[pri:0, instance:org.example.api.testCases.TC_002_Add_a_New_Video_Game@43d7741f]" started-at="2021-07-27T14:56:20Z" name="validateResponseBody" finished-at="2021-07-27T14:56:20Z" duration-ms="3" status="PASS">
          <reporter-output>
          </reporter-output>
        </test-method> <!-- validateResponseBody -->
        <test-method signature="validateResponseLength()[pri:0, instance:org.example.api.testCases.TC_002_Add_a_New_Video_Game@43d7741f]" started-at="2021-07-27T14:56:20Z" name="validateResponseLength" finished-at="2021-07-27T14:56:20Z" duration-ms="5" status="PASS">
          <reporter-output>
          </reporter-output>
        </test-method> <!-- validateResponseLength -->
        <test-method signature="validateResponseStatus()[pri:0, instance:org.example.api.testCases.TC_002_Add_a_New_Video_Game@43d7741f]" started-at="2021-07-27T14:56:20Z" name="validateResponseStatus" finished-at="2021-07-27T14:56:20Z" duration-ms="3" status="PASS">
          <reporter-output>
          </reporter-output>
        </test-method> <!-- validateResponseStatus -->
        <test-method is-config="true" signature="tearDown()[pri:0, instance:org.example.api.testCases.TC_002_Add_a_New_Video_Game@43d7741f]" started-at="2021-07-27T14:56:20Z" name="tearDown" finished-at="2021-07-27T14:56:20Z" duration-ms="1" status="PASS">
          <reporter-output>
          </reporter-output>
        </test-method> <!-- tearDown -->
      </class> <!-- org.example.api.testCases.TC_002_Add_a_New_Video_Game -->
    </test> <!-- Rest-Assured API testing -->
  </suite> <!-- Video Games API -->
</testng-results>
